  [1m[35m (8.0ms)[0m  [1m[35mCREATE TABLE "schema_migrations" ("version" varchar NOT NULL PRIMARY KEY) /*application='MiApi'*/[0m
  [1m[35m (2.3ms)[0m  [1m[35mCREATE TABLE "ar_internal_metadata" ("key" varchar NOT NULL PRIMARY KEY, "value" varchar, "created_at" datetime(6) NOT NULL, "updated_at" datetime(6) NOT NULL) /*application='MiApi'*/[0m
  [1m[36mActiveRecord::InternalMetadata Load (2.0ms)[0m  [1m[34mSELECT * FROM "ar_internal_metadata" WHERE "ar_internal_metadata"."key" = 'environment' ORDER BY "ar_internal_metadata"."key" ASC LIMIT 1 /*application='MiApi'*/[0m
  [1m[36mActiveRecord::InternalMetadata Create (1.9ms)[0m  [1m[32mINSERT INTO "ar_internal_metadata" ("key", "value", "created_at", "updated_at") VALUES ('environment', 'development', '2025-02-19 19:58:34.757183', '2025-02-19 19:58:34.757190') RETURNING "key" /*application='MiApi'*/[0m
  [1m[36mActiveRecord::SchemaMigration Load (1.5ms)[0m  [1m[34mSELECT "schema_migrations"."version" FROM "schema_migrations" ORDER BY "schema_migrations"."version" ASC /*application='MiApi'*/[0m

  [1m[36mActiveRecord::InternalMetadata Load (6.2ms)[0m  [1m[34mSELECT * FROM "ar_internal_metadata" WHERE "ar_internal_metadata"."key" = 'environment' ORDER BY "ar_internal_metadata"."key" ASC LIMIT 1 /*application='MiApi'*/[0m
  [1m[36mActiveRecord::SchemaMigration Load (1.2ms)[0m  [1m[34mSELECT "schema_migrations"."version" FROM "schema_migrations" ORDER BY "schema_migrations"."version" ASC /*application='MiApi'*/[0m
  [1m[36mActiveRecord::SchemaMigration Load (1.0ms)[0m  [1m[34mSELECT "schema_migrations"."version" FROM "schema_migrations" ORDER BY "schema_migrations"."version" ASC /*application='MiApi'*/[0m
  [1m[36mActiveRecord::InternalMetadata Load (4.2ms)[0m  [1m[34mSELECT * FROM "ar_internal_metadata" WHERE "ar_internal_metadata"."key" = 'environment' ORDER BY "ar_internal_metadata"."key" ASC LIMIT 1 /*application='MiApi'*/[0m
  [1m[36mActiveRecord::SchemaMigration Load (1.4ms)[0m  [1m[34mSELECT "schema_migrations"."version" FROM "schema_migrations" ORDER BY "schema_migrations"."version" ASC /*application='MiApi'*/[0m
  [1m[36mActiveRecord::SchemaMigration Load (1.0ms)[0m  [1m[34mSELECT "schema_migrations"."version" FROM "schema_migrations" ORDER BY "schema_migrations"."version" ASC /*application='MiApi'*/[0m
  [1m[36mActiveRecord::InternalMetadata Load (6.5ms)[0m  [1m[34mSELECT * FROM "ar_internal_metadata" WHERE "ar_internal_metadata"."key" = 'environment' ORDER BY "ar_internal_metadata"."key" ASC LIMIT 1 /*application='MiApi'*/[0m
  [1m[36mActiveRecord::SchemaMigration Load (1.3ms)[0m  [1m[34mSELECT "schema_migrations"."version" FROM "schema_migrations" ORDER BY "schema_migrations"."version" ASC /*application='MiApi'*/[0m
  [1m[36mActiveRecord::InternalMetadata Load (3.0ms)[0m  [1m[34mSELECT * FROM "ar_internal_metadata" WHERE "ar_internal_metadata"."key" = 'environment' ORDER BY "ar_internal_metadata"."key" ASC LIMIT 1 /*application='MiApi'*/[0m
  [1m[36mActiveRecord::SchemaMigration Load (1.2ms)[0m  [1m[34mSELECT "schema_migrations"."version" FROM "schema_migrations" ORDER BY "schema_migrations"."version" ASC /*application='MiApi'*/[0m
Migrating to CreatePeople (20250223134248)
  [1m[36mTRANSACTION (1.1ms)[0m  [1m[35mBEGIN immediate TRANSACTION /*application='MiApi'*/[0m
  [1m[35m (4.4ms)[0m  [1m[35mCREATE TABLE "people" ("id" integer PRIMARY KEY AUTOINCREMENT NOT NULL, "nombre" varchar, "apellido" varchar, "cedula" integer, "edad" integer, "created_at" datetime(6) NOT NULL, "updated_at" datetime(6) NOT NULL) /*application='MiApi'*/[0m
  [1m[36mTRANSACTION (0.7ms)[0m  [1m[31mROLLBACK TRANSACTION /*application='MiApi'*/[0m
  [1m[36mPerson Load (66.2ms)[0m  [1m[34mSELECT "people".* FROM "people" /* loading for pp */ LIMIT 11 /*application='MiApi'*/[0m
  [1m[36mPerson Load (2.4ms)[0m  [1m[34mSELECT "people".* FROM "people" /* loading for pp */ LIMIT 11 /*application='MiApi'*/[0m
  [1m[36mPerson Load (2.1ms)[0m  [1m[34mSELECT "people".* FROM "people" /* loading for pp */ LIMIT 11 /*application='MiApi'*/[0m
  [1m[36mActiveRecord::InternalMetadata Load (3.2ms)[0m  [1m[34mSELECT * FROM "ar_internal_metadata" WHERE "ar_internal_metadata"."key" = 'environment' ORDER BY "ar_internal_metadata"."key" ASC LIMIT 1 /*application='MiApi'*/[0m
  [1m[36mActiveRecord::SchemaMigration Load (1.0ms)[0m  [1m[34mSELECT "schema_migrations"."version" FROM "schema_migrations" ORDER BY "schema_migrations"."version" ASC /*application='MiApi'*/[0m
Migrating to CreateDatos (20250223135510)
  [1m[36mTRANSACTION (15.3ms)[0m  [1m[35mBEGIN immediate TRANSACTION /*application='MiApi'*/[0m
  [1m[35m (18.3ms)[0m  [1m[35mCREATE TABLE "datos" ("id" integer PRIMARY KEY AUTOINCREMENT NOT NULL, "nombre" varchar, "apellido" varchar, "cedula" integer, "edad" integer, "created_at" datetime(6) NOT NULL, "updated_at" datetime(6) NOT NULL) /*application='MiApi'*/[0m
  [1m[36mActiveRecord::SchemaMigration Create (0.3ms)[0m  [1m[32mINSERT INTO "schema_migrations" ("version") VALUES ('20250223135510') RETURNING "version" /*application='MiApi'*/[0m
  [1m[36mTRANSACTION (17.6ms)[0m  [1m[35mCOMMIT TRANSACTION /*application='MiApi'*/[0m
  [1m[36mActiveRecord::SchemaMigration Load (0.5ms)[0m  [1m[34mSELECT "schema_migrations"."version" FROM "schema_migrations" ORDER BY "schema_migrations"."version" ASC /*application='MiApi'*/[0m
  [1m[36mTRANSACTION (1.3ms)[0m  [1m[35mBEGIN immediate TRANSACTION /*application='MiApi'*/[0m
  [1m[36mDato Create (9.5ms)[0m  [1m[32mINSERT INTO "datos" ("nombre", "apellido", "cedula", "edad", "created_at", "updated_at") VALUES ('julian', 'meza', 104177, 18, '2025-02-23 14:06:15.695925', '2025-02-23 14:06:15.695925') RETURNING "id" /*application='MiApi'*/[0m
  [1m[36mTRANSACTION (19.5ms)[0m  [1m[35mCOMMIT TRANSACTION /*application='MiApi'*/[0m
